<?xml version="1.0" encoding="UTF-8"?>
<testng-results ignored="0" total="1" passed="1" failed="0" skipped="0">
  <reporter-output>
  </reporter-output>
  <suite started-at="2021-07-01T07:18:52Z" name="Default suite" finished-at="2021-07-01T07:19:10Z" duration-ms="17674">
    <groups>
      <group name="cucumber">
        <method signature="AbstractTestNGCucumberTests.runScenario(io.cucumber.testng.PickleWrapper, io.cucumber.testng.FeatureWrapper)[pri:0, instance:Runner.TestRunner@50dfbc58]" name="runScenario" class="io.cucumber.testng.AbstractTestNGCucumberTests"/>
      </group> <!-- cucumber -->
    </groups>
    <test started-at="2021-07-01T07:18:52Z" name="Default test" finished-at="2021-07-01T07:19:10Z" duration-ms="17674">
      <class name="Runner.TestRunner">
        <test-method is-config="true" signature="setUpClass()[pri:0, instance:Runner.TestRunner@50dfbc58]" started-at="2021-07-01T07:18:52Z" name="setUpClass" finished-at="2021-07-01T07:18:53Z" duration-ms="269" status="PASS">
          <reporter-output>
          </reporter-output>
        </test-method> <!-- setUpClass -->
        <test-method signature="runScenario(io.cucumber.testng.PickleWrapper, io.cucumber.testng.FeatureWrapper)[pri:0, instance:Runner.TestRunner@50dfbc58]" started-at="2021-07-01T07:18:53Z" name="runScenario" description="Runs Cucumber Scenarios" data-provider="scenarios" finished-at="2021-07-01T07:19:10Z" duration-ms="17335" status="PASS">
          <params>
            <param index="0">
              <value>
                <![CDATA["Signup with valid info"]]>
              </value>
            </param>
            <param index="1">
              <value>
                <![CDATA["Optional[SignUp]"]]>
              </value>
            </param>
          </params>
          <reporter-output>
          </reporter-output>
        </test-method> <!-- runScenario -->
        <test-method is-config="true" signature="tearDownClass()[pri:0, instance:Runner.TestRunner@50dfbc58]" started-at="2021-07-01T07:19:10Z" name="tearDownClass" finished-at="2021-07-01T07:19:10Z" duration-ms="51" status="PASS">
          <reporter-output>
          </reporter-output>
        </test-method> <!-- tearDownClass -->
      </class> <!-- Runner.TestRunner -->
    </test> <!-- Default test -->
  </suite> <!-- Default suite -->
</testng-results>
